Downloads/rn_dealsgala-master/android/app/build/intermediates/manifest_merge_blame_file/debug/manifest-merger-blame-debug-report.txt
1<?xml version="1.0" encoding="utf-8"?>
2<manifest xmlns:android="http://schemas.android.com/apk/res/android"
3    package="com.dealsgala"
4    android:versionCode="1586580072"
5    android:versionName="1.9" >
6
7    <uses-sdk
8        android:minSdkVersion="16"
9        android:targetSdkVersion="30" />
10
11    <uses-permission android:name="android.permission.SYSTEM_ALERT_WINDOW" />
11-->src\debug\AndroidManifest.xml:5:5-77
11-->src\debug\AndroidManifest.xml:5:22-75
12    <uses-permission android:name="android.permission.INTERNET" />
12-->src\main\AndroidManifest.xml:4:5-66
12-->src\main\AndroidManifest.xml:4:22-64
13    <uses-permission android:name="android.permission.WAKE_LOCK" />
13-->[:react-native-firebase_auth] AndroidManifest.xml:12:5-68
13-->[:react-native-firebase_auth] AndroidManifest.xml:12:22-65
14    <uses-permission android:name="android.permission.ACCESS_NETWORK_STATE" />
14-->[:react-native-firebase_auth] AndroidManifest.xml:13:5-79
14-->[:react-native-firebase_auth] AndroidManifest.xml:13:22-76
15    <uses-permission android:name="android.permission.ACCESS_WIFI_STATE" /> <!-- Create a unique permission for your app and use it so only your app can receive your OneSignal messages. -->
15-->[:react-native-community_netinfo] AndroidManifest.xml:10:5-76
15-->[:react-native-community_netinfo] AndroidManifest.xml:10:22-73
16    <permission
16-->[com.onesignal:OneSignal:3.16.0] AndroidManifest.xml:7:5-9:47
17        android:name="com.dealsgala.permission.C2D_MESSAGE"
17-->[com.onesignal:OneSignal:3.16.0] AndroidManifest.xml:8:9-63
18        android:protectionLevel="signature" />
18-->[com.onesignal:OneSignal:3.16.0] AndroidManifest.xml:9:9-44
19
20    <uses-permission android:name="com.dealsgala.permission.C2D_MESSAGE" />
20-->[com.onesignal:OneSignal:3.16.0] AndroidManifest.xml:11:5-79
20-->[com.onesignal:OneSignal:3.16.0] AndroidManifest.xml:11:22-76
21    <uses-permission android:name="com.google.android.c2dm.permission.RECEIVE" />
21-->[com.onesignal:OneSignal:3.16.0] AndroidManifest.xml:17:5-82
21-->[com.onesignal:OneSignal:3.16.0] AndroidManifest.xml:17:22-79
22    <!--
23 Required so the device vibrates on receiving a push notification.
24         Vibration settings of the device still apply.
25    -->
26    <uses-permission android:name="android.permission.VIBRATE" />
26-->[com.onesignal:OneSignal:3.16.0] AndroidManifest.xml:23:5-66
26-->[com.onesignal:OneSignal:3.16.0] AndroidManifest.xml:23:22-63
27    <!--
28 Use to restore notifications the user hasn't interacted with.
29         They could be missed notifications if the user reboots their device if this isn't in place.
30    -->
31    <uses-permission android:name="android.permission.RECEIVE_BOOT_COMPLETED" /> <!-- START: ShortcutBadger -->
31-->[com.onesignal:OneSignal:3.16.0] AndroidManifest.xml:29:5-81
31-->[com.onesignal:OneSignal:3.16.0] AndroidManifest.xml:29:22-78
32    <!-- Samsung -->
33    <uses-permission android:name="com.sec.android.provider.badge.permission.READ" />
33-->[com.onesignal:OneSignal:3.16.0] AndroidManifest.xml:31:5-86
33-->[com.onesignal:OneSignal:3.16.0] AndroidManifest.xml:31:22-83
34    <uses-permission android:name="com.sec.android.provider.badge.permission.WRITE" /> <!-- HTC -->
34-->[com.onesignal:OneSignal:3.16.0] AndroidManifest.xml:32:5-87
34-->[com.onesignal:OneSignal:3.16.0] AndroidManifest.xml:32:22-84
35    <uses-permission android:name="com.htc.launcher.permission.READ_SETTINGS" />
35-->[com.onesignal:OneSignal:3.16.0] AndroidManifest.xml:33:5-81
35-->[com.onesignal:OneSignal:3.16.0] AndroidManifest.xml:33:22-78
36    <uses-permission android:name="com.htc.launcher.permission.UPDATE_SHORTCUT" /> <!-- Sony -->
36-->[com.onesignal:OneSignal:3.16.0] AndroidManifest.xml:34:5-83
36-->[com.onesignal:OneSignal:3.16.0] AndroidManifest.xml:34:22-80
37    <uses-permission android:name="com.sonyericsson.home.permission.BROADCAST_BADGE" />
37-->[com.onesignal:OneSignal:3.16.0] AndroidManifest.xml:35:5-88
37-->[com.onesignal:OneSignal:3.16.0] AndroidManifest.xml:35:22-85
38    <uses-permission android:name="com.sonymobile.home.permission.PROVIDER_INSERT_BADGE" /> <!-- Apex -->
38-->[com.onesignal:OneSignal:3.16.0] AndroidManifest.xml:36:5-92
38-->[com.onesignal:OneSignal:3.16.0] AndroidManifest.xml:36:22-89
39    <uses-permission android:name="com.anddoes.launcher.permission.UPDATE_COUNT" /> <!-- Solid -->
39-->[com.onesignal:OneSignal:3.16.0] AndroidManifest.xml:37:5-84
39-->[com.onesignal:OneSignal:3.16.0] AndroidManifest.xml:37:22-81
40    <uses-permission android:name="com.majeur.launcher.permission.UPDATE_BADGE" /> <!-- Huawei -->
40-->[com.onesignal:OneSignal:3.16.0] AndroidManifest.xml:38:5-83
40-->[com.onesignal:OneSignal:3.16.0] AndroidManifest.xml:38:22-80
41    <uses-permission android:name="com.huawei.android.launcher.permission.CHANGE_BADGE" />
41-->[com.onesignal:OneSignal:3.16.0] AndroidManifest.xml:39:5-91
41-->[com.onesignal:OneSignal:3.16.0] AndroidManifest.xml:39:22-88
42    <uses-permission android:name="com.huawei.android.launcher.permission.READ_SETTINGS" />
42-->[com.onesignal:OneSignal:3.16.0] AndroidManifest.xml:40:5-92
42-->[com.onesignal:OneSignal:3.16.0] AndroidManifest.xml:40:22-89
43    <uses-permission android:name="com.huawei.android.launcher.permission.WRITE_SETTINGS" /> <!-- ZUK -->
43-->[com.onesignal:OneSignal:3.16.0] AndroidManifest.xml:41:5-93
43-->[com.onesignal:OneSignal:3.16.0] AndroidManifest.xml:41:22-90
44    <uses-permission android:name="android.permission.READ_APP_BADGE" /> <!-- OPPO -->
44-->[com.onesignal:OneSignal:3.16.0] AndroidManifest.xml:42:5-73
44-->[com.onesignal:OneSignal:3.16.0] AndroidManifest.xml:42:22-70
45    <uses-permission android:name="com.oppo.launcher.permission.READ_SETTINGS" />
45-->[com.onesignal:OneSignal:3.16.0] AndroidManifest.xml:43:5-82
45-->[com.onesignal:OneSignal:3.16.0] AndroidManifest.xml:43:22-79
46    <uses-permission android:name="com.oppo.launcher.permission.WRITE_SETTINGS" /> <!-- EvMe -->
46-->[com.onesignal:OneSignal:3.16.0] AndroidManifest.xml:44:5-83
46-->[com.onesignal:OneSignal:3.16.0] AndroidManifest.xml:44:22-80
47    <uses-permission android:name="me.everything.badger.permission.BADGE_COUNT_READ" />
47-->[com.onesignal:OneSignal:3.16.0] AndroidManifest.xml:45:5-88
47-->[com.onesignal:OneSignal:3.16.0] AndroidManifest.xml:45:22-85
48    <uses-permission android:name="me.everything.badger.permission.BADGE_COUNT_WRITE" />
48-->[com.onesignal:OneSignal:3.16.0] AndroidManifest.xml:46:5-89
48-->[com.onesignal:OneSignal:3.16.0] AndroidManifest.xml:46:22-86
49    <uses-permission android:name="com.google.android.finsky.permission.BIND_GET_INSTALL_REFERRER_SERVICE" /> <!-- Permission will be merged into the manifest of the hosting app. -->
49-->[com.google.android.gms:play-services-measurement:17.2.1] AndroidManifest.xml:26:5-110
49-->[com.google.android.gms:play-services-measurement:17.2.1] AndroidManifest.xml:26:22-107
50    <!-- Is required to launch foreground extraction service for targetSdkVersion 28+. -->
51    <uses-permission android:name="android.permission.FOREGROUND_SERVICE" />
51-->[com.google.android.play:core:1.8.0] AndroidManifest.xml:8:3-74
51-->[com.google.android.play:core:1.8.0] AndroidManifest.xml:8:20-72
52
53    <application
53-->src\main\AndroidManifest.xml:6:5-39:19
54        android:name="com.dealsgala.MainApplication"
54-->src\main\AndroidManifest.xml:7:13-57
55        android:allowBackup="false"
55-->src\main\AndroidManifest.xml:11:13-40
56        android:appComponentFactory="androidx.core.app.CoreComponentFactory"
56-->[androidx.core:core:1.3.2] AndroidManifest.xml:24:18-86
57        android:debuggable="true"
58        android:icon="@mipmap/ic_launcher"
58-->src\main\AndroidManifest.xml:9:13-47
59        android:label="@string/app_name"
59-->src\main\AndroidManifest.xml:8:13-45
60        android:roundIcon="@mipmap/ic_launcher_round"
60-->src\main\AndroidManifest.xml:10:13-58
61        android:supportsRtl="true"
61-->[com.facebook.android:facebook-login:5.15.3] AndroidManifest.xml:28:18-44
62        android:theme="@style/AppTheme"
62-->src\main\AndroidManifest.xml:12:13-44
63        android:usesCleartextTraffic="true" >
63-->src\debug\AndroidManifest.xml:7:18-53
64        <activity
64-->src\main\AndroidManifest.xml:14:9-22:20
65            android:name="com.dealsgala.SplashActivity"
65-->src\main\AndroidManifest.xml:15:17-60
66            android:label="@string/app_name"
66-->src\main\AndroidManifest.xml:17:17-49
67            android:theme="@style/SplashTheme" >
67-->src\main\AndroidManifest.xml:16:17-51
68            <intent-filter>
68-->src\main\AndroidManifest.xml:18:13-21:29
69                <action android:name="android.intent.action.MAIN" />
69-->src\main\AndroidManifest.xml:19:17-68
69-->src\main\AndroidManifest.xml:19:25-66
70
71                <category android:name="android.intent.category.LAUNCHER" />
71-->src\main\AndroidManifest.xml:20:17-76
71-->src\main\AndroidManifest.xml:20:27-74
72            </intent-filter>
73        </activity>
74        <activity
74-->src\main\AndroidManifest.xml:24:9-32:11
75            android:name="com.dealsgala.MainActivity"
75-->src\main\AndroidManifest.xml:25:17-58
76            android:configChanges="keyboard|keyboardHidden|orientation|screenSize"
76-->src\main\AndroidManifest.xml:28:17-87
77            android:exported="true"
77-->src\main\AndroidManifest.xml:31:17-40
78            android:label="@string/app_name"
78-->src\main\AndroidManifest.xml:26:17-49
79            android:launchMode="singleTop"
79-->src\main\AndroidManifest.xml:29:17-47
80            android:screenOrientation="portrait"
80-->src\main\AndroidManifest.xml:27:17-53
81            android:windowSoftInputMode="adjustResize" />
81-->src\main\AndroidManifest.xml:30:17-59
82        <activity android:name="com.facebook.react.devsupport.DevSettingsActivity" />
82-->src\main\AndroidManifest.xml:34:9-85
82-->src\main\AndroidManifest.xml:34:19-83
83
84        <meta-data
84-->src\main\AndroidManifest.xml:35:9-107
85            android:name="com.facebook.sdk.ApplicationId"
85-->src\main\AndroidManifest.xml:35:20-65
86            android:value="@string/facebook_app_id" />
86-->src\main\AndroidManifest.xml:35:66-105
87        <meta-data
87-->src\main\AndroidManifest.xml:36:9-38:74
88            android:name="com.google.android.geo.API_KEY"
88-->src\main\AndroidManifest.xml:37:17-62
89            android:value="AIzaSyAg2JiVvGTq9PI5u5KF3B5VXBVkuhDPQak" />
89-->src\main\AndroidManifest.xml:38:17-72
90
91        <provider
91-->[:react-native-webview] AndroidManifest.xml:12:9-20:20
92            android:name="com.reactnativecommunity.webview.RNCWebViewFileProvider"
92-->[:react-native-webview] AndroidManifest.xml:13:13-83
93            android:authorities="com.dealsgala.fileprovider"
93-->[:react-native-webview] AndroidManifest.xml:14:13-64
94            android:exported="false"
94-->[:react-native-webview] AndroidManifest.xml:15:13-37
95            android:grantUriPermissions="true" >
95-->[:react-native-webview] AndroidManifest.xml:16:13-47
96            <meta-data
96-->[:react-native-webview] AndroidManifest.xml:17:13-19:63
97                android:name="android.support.FILE_PROVIDER_PATHS"
97-->[:react-native-webview] AndroidManifest.xml:18:17-67
98                android:resource="@xml/file_provider_paths" />
98-->[:react-native-webview] AndroidManifest.xml:19:17-60
99        </provider>
100
101        <activity
101-->[com.facebook.android:facebook-common:5.15.3] AndroidManifest.xml:30:9-33:66
102            android:name="com.facebook.FacebookActivity"
102-->[com.facebook.android:facebook-common:5.15.3] AndroidManifest.xml:31:13-57
103            android:configChanges="keyboard|keyboardHidden|screenLayout|screenSize|orientation"
103-->[com.facebook.android:facebook-common:5.15.3] AndroidManifest.xml:32:13-96
104            android:theme="@style/com_facebook_activity_theme" />
104-->[com.facebook.android:facebook-common:5.15.3] AndroidManifest.xml:33:13-63
105        <activity android:name="com.facebook.CustomTabMainActivity" />
105-->[com.facebook.android:facebook-common:5.15.3] AndroidManifest.xml:34:9-71
105-->[com.facebook.android:facebook-common:5.15.3] AndroidManifest.xml:34:19-68
106        <activity
106-->[com.facebook.android:facebook-common:5.15.3] AndroidManifest.xml:35:9-49:20
107            android:name="com.facebook.CustomTabActivity"
107-->[com.facebook.android:facebook-common:5.15.3] AndroidManifest.xml:36:13-58
108            android:exported="true" >
108-->[com.facebook.android:facebook-common:5.15.3] AndroidManifest.xml:37:13-36
109            <intent-filter>
109-->[com.facebook.android:facebook-common:5.15.3] AndroidManifest.xml:39:13-48:29
110                <action android:name="android.intent.action.VIEW" />
110-->[com.facebook.android:facebook-common:5.15.3] AndroidManifest.xml:40:17-69
110-->[com.facebook.android:facebook-common:5.15.3] AndroidManifest.xml:40:25-66
111
112                <category android:name="android.intent.category.DEFAULT" />
112-->[com.facebook.android:facebook-common:5.15.3] AndroidManifest.xml:42:17-76
112-->[com.facebook.android:facebook-common:5.15.3] AndroidManifest.xml:42:27-73
113                <category android:name="android.intent.category.BROWSABLE" />
113-->[com.facebook.android:facebook-common:5.15.3] AndroidManifest.xml:43:17-78
113-->[com.facebook.android:facebook-common:5.15.3] AndroidManifest.xml:43:27-75
114
115                <data
115-->[com.facebook.android:facebook-common:5.15.3] AndroidManifest.xml:45:17-47:50
116                    android:host="cct.com.dealsgala"
116-->[com.facebook.android:facebook-common:5.15.3] AndroidManifest.xml:46:21-56
117                    android:scheme="fbconnect" />
117-->[com.facebook.android:facebook-common:5.15.3] AndroidManifest.xml:47:21-47
118            </intent-filter>
119        </activity>
120
121        <meta-data
121-->[com.onesignal:OneSignal:3.16.0] AndroidManifest.xml:49:9-51:51
122            android:name="onesignal_app_id"
122-->[com.onesignal:OneSignal:3.16.0] AndroidManifest.xml:50:13-44
123            android:value="" /> <!-- Deprecated - Pulled from OneSignal dashboard. -->
123-->[com.onesignal:OneSignal:3.16.0] AndroidManifest.xml:51:13-48
124        <meta-data
124-->[com.onesignal:OneSignal:3.16.0] AndroidManifest.xml:53:9-55:70
125            android:name="onesignal_google_project_number"
125-->[com.onesignal:OneSignal:3.16.0] AndroidManifest.xml:54:13-59
126            android:value="str:REMOTE" />
126-->[com.onesignal:OneSignal:3.16.0] AndroidManifest.xml:55:13-67
127
128        <receiver
128-->[com.onesignal:OneSignal:3.16.0] AndroidManifest.xml:57:9-67:20
129            android:name="com.onesignal.GcmBroadcastReceiver"
129-->[com.onesignal:OneSignal:3.16.0] AndroidManifest.xml:58:13-62
130            android:permission="com.google.android.c2dm.permission.SEND" >
130-->[com.onesignal:OneSignal:3.16.0] AndroidManifest.xml:59:13-73
131
132            <!-- High priority so OneSignal payloads can be filtered from other GCM receivers if filterOtherGCMReceivers is enabled. -->
133            <intent-filter android:priority="999" >
133-->[com.onesignal:OneSignal:3.16.0] AndroidManifest.xml:62:13-66:29
133-->[com.onesignal:OneSignal:3.16.0] AndroidManifest.xml:62:28-50
134                <action android:name="com.google.android.c2dm.intent.RECEIVE" />
134-->[com.onesignal:OneSignal:3.16.0] AndroidManifest.xml:63:17-81
134-->[com.onesignal:OneSignal:3.16.0] AndroidManifest.xml:63:25-78
135
136                <category android:name="com.dealsgala" />
136-->[com.onesignal:OneSignal:3.16.0] AndroidManifest.xml:65:17-61
136-->[com.onesignal:OneSignal:3.16.0] AndroidManifest.xml:65:27-58
137            </intent-filter>
138        </receiver>
139        <receiver android:name="com.onesignal.NotificationOpenedReceiver" />
139-->[com.onesignal:OneSignal:3.16.0] AndroidManifest.xml:68:9-77
139-->[com.onesignal:OneSignal:3.16.0] AndroidManifest.xml:68:19-74
140
141        <service
141-->[com.onesignal:OneSignal:3.16.0] AndroidManifest.xml:70:9-76:19
142            android:name="com.onesignal.HmsMessageServiceOneSignal"
142-->[com.onesignal:OneSignal:3.16.0] AndroidManifest.xml:71:13-68
143            android:exported="false" >
143-->[com.onesignal:OneSignal:3.16.0] AndroidManifest.xml:72:13-37
144            <intent-filter>
144-->[com.onesignal:OneSignal:3.16.0] AndroidManifest.xml:73:13-75:29
145                <action android:name="com.huawei.push.action.MESSAGING_EVENT" />
145-->[com.onesignal:OneSignal:3.16.0] AndroidManifest.xml:74:17-81
145-->[com.onesignal:OneSignal:3.16.0] AndroidManifest.xml:74:25-78
146            </intent-filter>
147        </service>
148
149        <activity
149-->[com.onesignal:OneSignal:3.16.0] AndroidManifest.xml:78:9-84:20
150            android:name="com.onesignal.NotificationOpenedActivityHMS"
150-->[com.onesignal:OneSignal:3.16.0] AndroidManifest.xml:79:13-71
151            android:theme="@android:style/Theme.Translucent.NoTitleBar" >
151-->[com.onesignal:OneSignal:3.16.0] AndroidManifest.xml:80:13-72
152            <intent-filter>
152-->[com.onesignal:OneSignal:3.16.0] AndroidManifest.xml:81:13-83:29
153                <action android:name="android.intent.action.VIEW" />
153-->[com.facebook.android:facebook-common:5.15.3] AndroidManifest.xml:40:17-69
153-->[com.facebook.android:facebook-common:5.15.3] AndroidManifest.xml:40:25-66
154            </intent-filter>
155        </activity>
156
157        <service android:name="com.onesignal.GcmIntentService" />
157-->[com.onesignal:OneSignal:3.16.0] AndroidManifest.xml:86:9-66
157-->[com.onesignal:OneSignal:3.16.0] AndroidManifest.xml:86:18-63
158        <service
158-->[com.onesignal:OneSignal:3.16.0] AndroidManifest.xml:87:9-89:72
159            android:name="com.onesignal.GcmIntentJobService"
159-->[com.onesignal:OneSignal:3.16.0] AndroidManifest.xml:88:13-61
160            android:permission="android.permission.BIND_JOB_SERVICE" />
160-->[com.onesignal:OneSignal:3.16.0] AndroidManifest.xml:89:13-69
161        <service
161-->[com.onesignal:OneSignal:3.16.0] AndroidManifest.xml:90:9-92:72
162            android:name="com.onesignal.RestoreJobService"
162-->[com.onesignal:OneSignal:3.16.0] AndroidManifest.xml:91:13-59
163            android:permission="android.permission.BIND_JOB_SERVICE" />
163-->[com.onesignal:OneSignal:3.16.0] AndroidManifest.xml:92:13-69
164        <service
164-->[com.onesignal:OneSignal:3.16.0] AndroidManifest.xml:93:9-95:72
165            android:name="com.onesignal.RestoreKickoffJobService"
165-->[com.onesignal:OneSignal:3.16.0] AndroidManifest.xml:94:13-66
166            android:permission="android.permission.BIND_JOB_SERVICE" />
166-->[com.onesignal:OneSignal:3.16.0] AndroidManifest.xml:95:13-69
167        <service
167-->[com.onesignal:OneSignal:3.16.0] AndroidManifest.xml:96:9-98:43
168            android:name="com.onesignal.SyncService"
168-->[com.onesignal:OneSignal:3.16.0] AndroidManifest.xml:97:13-53
169            android:stopWithTask="true" />
169-->[com.onesignal:OneSignal:3.16.0] AndroidManifest.xml:98:13-40
170        <service
170-->[com.onesignal:OneSignal:3.16.0] AndroidManifest.xml:99:9-101:72
171            android:name="com.onesignal.SyncJobService"
171-->[com.onesignal:OneSignal:3.16.0] AndroidManifest.xml:100:13-56
172            android:permission="android.permission.BIND_JOB_SERVICE" />
172-->[com.onesignal:OneSignal:3.16.0] AndroidManifest.xml:101:13-69
173
174        <activity
174-->[com.onesignal:OneSignal:3.16.0] AndroidManifest.xml:103:9-105:75
175            android:name="com.onesignal.PermissionsActivity"
175-->[com.onesignal:OneSignal:3.16.0] AndroidManifest.xml:104:13-61
176            android:theme="@android:style/Theme.Translucent.NoTitleBar" />
176-->[com.onesignal:OneSignal:3.16.0] AndroidManifest.xml:105:13-72
177
178        <service android:name="com.onesignal.NotificationRestoreService" />
178-->[com.onesignal:OneSignal:3.16.0] AndroidManifest.xml:107:9-76
178-->[com.onesignal:OneSignal:3.16.0] AndroidManifest.xml:107:18-73
179
180        <receiver android:name="com.onesignal.BootUpReceiver" >
180-->[com.onesignal:OneSignal:3.16.0] AndroidManifest.xml:109:9-114:20
180-->[com.onesignal:OneSignal:3.16.0] AndroidManifest.xml:109:19-62
181            <intent-filter>
181-->[com.onesignal:OneSignal:3.16.0] AndroidManifest.xml:110:13-113:29
182                <action android:name="android.intent.action.BOOT_COMPLETED" />
182-->[com.onesignal:OneSignal:3.16.0] AndroidManifest.xml:111:17-79
182-->[com.onesignal:OneSignal:3.16.0] AndroidManifest.xml:111:25-76
183                <action android:name="android.intent.action.QUICKBOOT_POWERON" />
183-->[com.onesignal:OneSignal:3.16.0] AndroidManifest.xml:112:17-82
183-->[com.onesignal:OneSignal:3.16.0] AndroidManifest.xml:112:25-79
184            </intent-filter>
185        </receiver>
186        <receiver android:name="com.onesignal.UpgradeReceiver" >
186-->[com.onesignal:OneSignal:3.16.0] AndroidManifest.xml:115:9-119:20
186-->[com.onesignal:OneSignal:3.16.0] AndroidManifest.xml:115:19-63
187            <intent-filter>
187-->[com.onesignal:OneSignal:3.16.0] AndroidManifest.xml:116:13-118:29
188                <action android:name="android.intent.action.MY_PACKAGE_REPLACED" />
188-->[com.onesignal:OneSignal:3.16.0] AndroidManifest.xml:117:17-84
188-->[com.onesignal:OneSignal:3.16.0] AndroidManifest.xml:117:25-81
189            </intent-filter>
190        </receiver>
191
192        <meta-data
192-->[com.github.bumptech.glide:okhttp3-integration:4.11.0] AndroidManifest.xml:11:9-13:43
193            android:name="com.bumptech.glide.integration.okhttp3.OkHttpGlideModule"
193-->[com.github.bumptech.glide:okhttp3-integration:4.11.0] AndroidManifest.xml:12:13-84
194            android:value="GlideModule" />
194-->[com.github.bumptech.glide:okhttp3-integration:4.11.0] AndroidManifest.xml:13:13-40
195
196        <activity
196-->[com.google.android.gms:play-services-auth:17.0.0] AndroidManifest.xml:23:9-27:75
197            android:name="com.google.android.gms.auth.api.signin.internal.SignInHubActivity"
197-->[com.google.android.gms:play-services-auth:17.0.0] AndroidManifest.xml:24:13-93
198            android:excludeFromRecents="true"
198-->[com.google.android.gms:play-services-auth:17.0.0] AndroidManifest.xml:25:13-46
199            android:exported="false"
199-->[com.google.android.gms:play-services-auth:17.0.0] AndroidManifest.xml:26:13-37
200            android:theme="@android:style/Theme.Translucent.NoTitleBar" />
200-->[com.google.android.gms:play-services-auth:17.0.0] AndroidManifest.xml:27:13-72
201        <!--
202            Service handling Google Sign-In user revocation. For apps that do not integrate with
203            Google Sign-In, this service will never be started.
204        -->
205        <service
205-->[com.google.android.gms:play-services-auth:17.0.0] AndroidManifest.xml:33:9-36:110
206            android:name="com.google.android.gms.auth.api.signin.RevocationBoundService"
206-->[com.google.android.gms:play-services-auth:17.0.0] AndroidManifest.xml:34:13-89
207            android:exported="true"
207-->[com.google.android.gms:play-services-auth:17.0.0] AndroidManifest.xml:35:13-36
208            android:permission="com.google.android.gms.auth.api.signin.permission.REVOCATION_NOTIFICATION" />
208-->[com.google.android.gms:play-services-auth:17.0.0] AndroidManifest.xml:36:13-107
209
210        <activity
210-->[com.google.firebase:firebase-auth:19.1.0] AndroidManifest.xml:24:9-31:50
211            android:name="com.google.firebase.auth.internal.FederatedSignInActivity"
211-->[com.google.firebase:firebase-auth:19.1.0] AndroidManifest.xml:25:13-85
212            android:excludeFromRecents="true"
212-->[com.google.firebase:firebase-auth:19.1.0] AndroidManifest.xml:26:13-46
213            android:exported="true"
213-->[com.google.firebase:firebase-auth:19.1.0] AndroidManifest.xml:27:13-36
214            android:launchMode="singleTask"
214-->[com.google.firebase:firebase-auth:19.1.0] AndroidManifest.xml:28:13-44
215            android:permission="com.google.firebase.auth.api.gms.permission.LAUNCH_FEDERATED_SIGN_IN"
215-->[com.google.firebase:firebase-auth:19.1.0] AndroidManifest.xml:29:13-102
216            android:theme="@android:style/Theme.Translucent.NoTitleBar" />
216-->[com.google.firebase:firebase-auth:19.1.0] AndroidManifest.xml:30:13-72
217
218        <service
218-->[com.google.firebase:firebase-auth:19.1.0] AndroidManifest.xml:33:9-39:19
219            android:name="com.google.firebase.components.ComponentDiscoveryService"
219-->[com.google.firebase:firebase-auth:19.1.0] AndroidManifest.xml:34:13-84
220            android:directBootAware="true"
220-->[com.google.firebase:firebase-common:19.2.0] AndroidManifest.xml:15:13-43
221            android:exported="false" >
221-->[com.google.firebase:firebase-auth:19.1.0] AndroidManifest.xml:35:13-37
222            <meta-data
222-->[com.google.firebase:firebase-auth:19.1.0] AndroidManifest.xml:36:13-38:85
223                android:name="com.google.firebase.components:com.google.firebase.auth.FirebaseAuthRegistrar"
223-->[com.google.firebase:firebase-auth:19.1.0] AndroidManifest.xml:37:17-109
224                android:value="com.google.firebase.components.ComponentRegistrar" />
224-->[com.google.firebase:firebase-auth:19.1.0] AndroidManifest.xml:38:17-82
225            <meta-data
225-->[com.google.android.gms:play-services-measurement-api:17.2.1] AndroidManifest.xml:30:13-32:85
226                android:name="com.google.firebase.components:com.google.firebase.analytics.connector.internal.AnalyticsConnectorRegistrar"
226-->[com.google.android.gms:play-services-measurement-api:17.2.1] AndroidManifest.xml:31:17-139
227                android:value="com.google.firebase.components.ComponentRegistrar" />
227-->[com.google.android.gms:play-services-measurement-api:17.2.1] AndroidManifest.xml:32:17-82
228            <meta-data
228-->[com.google.firebase:firebase-iid:20.0.1] AndroidManifest.xml:32:13-34:85
229                android:name="com.google.firebase.components:com.google.firebase.iid.Registrar"
229-->[com.google.firebase:firebase-iid:20.0.1] AndroidManifest.xml:33:17-96
230                android:value="com.google.firebase.components.ComponentRegistrar" />
230-->[com.google.firebase:firebase-iid:20.0.1] AndroidManifest.xml:34:17-82
231        </service>
232        <!--
233             FirebaseMessagingService performs security checks at runtime,
234             but set to not exported to explicitly avoid allowing another app to call it.
235        -->
236        <service
236-->[com.google.firebase:firebase-messaging:20.0.1] AndroidManifest.xml:28:9-34:19
237            android:name="com.google.firebase.messaging.FirebaseMessagingService"
237-->[com.google.firebase:firebase-messaging:20.0.1] AndroidManifest.xml:29:13-82
238            android:exported="false" >
238-->[com.google.firebase:firebase-messaging:20.0.1] AndroidManifest.xml:30:13-37
239            <intent-filter android:priority="-500" >
239-->[com.google.firebase:firebase-messaging:20.0.1] AndroidManifest.xml:31:13-33:29
239-->[com.google.firebase:firebase-messaging:20.0.1] AndroidManifest.xml:31:28-51
240                <action android:name="com.google.firebase.MESSAGING_EVENT" />
240-->[com.google.firebase:firebase-messaging:20.0.1] AndroidManifest.xml:32:17-78
240-->[com.google.firebase:firebase-messaging:20.0.1] AndroidManifest.xml:32:25-75
241            </intent-filter>
242        </service>
243
244        <receiver
244-->[com.google.firebase:firebase-iid:20.0.1] AndroidManifest.xml:37:9-44:20
245            android:name="com.google.firebase.iid.FirebaseInstanceIdReceiver"
245-->[com.google.firebase:firebase-iid:20.0.1] AndroidManifest.xml:38:13-78
246            android:exported="true"
246-->[com.google.firebase:firebase-iid:20.0.1] AndroidManifest.xml:39:13-36
247            android:permission="com.google.android.c2dm.permission.SEND" >
247-->[com.google.firebase:firebase-iid:20.0.1] AndroidManifest.xml:40:13-73
248            <intent-filter>
248-->[com.google.firebase:firebase-iid:20.0.1] AndroidManifest.xml:41:13-43:29
249                <action android:name="com.google.android.c2dm.intent.RECEIVE" />
249-->[com.onesignal:OneSignal:3.16.0] AndroidManifest.xml:63:17-81
249-->[com.onesignal:OneSignal:3.16.0] AndroidManifest.xml:63:25-78
250            </intent-filter>
251        </receiver>
252
253        <activity
253-->[com.google.android.gms:play-services-base:17.1.0] AndroidManifest.xml:23:9-26:75
254            android:name="com.google.android.gms.common.api.GoogleApiActivity"
254-->[com.google.android.gms:play-services-base:17.1.0] AndroidManifest.xml:24:13-79
255            android:exported="false"
255-->[com.google.android.gms:play-services-base:17.1.0] AndroidManifest.xml:25:13-37
256            android:theme="@android:style/Theme.Translucent.NoTitleBar" />
256-->[com.google.android.gms:play-services-base:17.1.0] AndroidManifest.xml:26:13-72
257
258        <provider
258-->[com.google.firebase:firebase-common:19.2.0] AndroidManifest.xml:19:9-23:39
259            android:name="com.google.firebase.provider.FirebaseInitProvider"
259-->[com.google.firebase:firebase-common:19.2.0] AndroidManifest.xml:20:13-77
260            android:authorities="com.dealsgala.firebaseinitprovider"
260-->[com.google.firebase:firebase-common:19.2.0] AndroidManifest.xml:21:13-72
261            android:exported="false"
261-->[com.google.firebase:firebase-common:19.2.0] AndroidManifest.xml:22:13-37
262            android:initOrder="100" />
262-->[com.google.firebase:firebase-common:19.2.0] AndroidManifest.xml:23:13-36
263
264        <receiver
264-->[com.google.android.gms:play-services-measurement:17.2.1] AndroidManifest.xml:29:9-33:20
265            android:name="com.google.android.gms.measurement.AppMeasurementReceiver"